<?xml version="1.0" encoding="UTF-8"?>
<testng-results ignored="0" total="3" passed="1" failed="2" skipped="0">
  <reporter-output>
    <line>
      <![CDATA[[INFO ] [2023-07-20 23:05:58,978] Register Step 01: Navigate to 'Register' page
<br>]]>
    </line>
    <line>
      <![CDATA[[INFO ] [2023-07-20 23:06:00,234] Register Step 02: Enter to Firstname textbox with value is 'Drusilla'
<br>]]>
    </line>
    <line>
      <![CDATA[[INFO ] [2023-07-20 23:06:00,384] Register Step 03: Enter to Lastname textbox with value is 'Bernier'
<br>]]>
    </line>
    <line>
      <![CDATA[[INFO ] [2023-07-20 23:06:00,829] Register Step 04: Enter to Email textbox with value is 'towanda.maggio@gmail.com'
<br>]]>
    </line>
    <line>
      <![CDATA[[INFO ] [2023-07-20 23:06:01,030] Register Step 05: Enter to Password textbox with value is '*d^V9!PPiyP'
<br>]]>
    </line>
    <line>
      <![CDATA[[INFO ] [2023-07-20 23:06:01,152] Register - Step 06: Enter to Confirm Password textbox with value is '*d^V9!PPiyP'
<br>]]>
    </line>
    <line>
      <![CDATA[[INFO ] [2023-07-20 23:06:11,276] Register - Step 07: Click to 'Register' button
<br>]]>
    </line>
    <line>
      <![CDATA[[INFO ] [2023-07-20 23:06:11,967] Register - Step 08: Verify register success message is displayed
<br>]]>
    </line>
    <line>
      <![CDATA[[INFO ] [2023-07-20 23:06:12,475] Login - Step 01: Navigate to Login page
<br>]]>
    </line>
    <line>
      <![CDATA[[INFO ] [2023-07-20 23:06:12,854] Login - Step 02: Enter to Email textbox with value is 'towanda.maggio@gmail.com'
<br>]]>
    </line>
    <line>
      <![CDATA[[INFO ] [2023-07-20 23:06:13,006] Login Step 03: Enter to Password textbox with value is '*d^V9!PPiyP'
<br>]]>
    </line>
    <line>
      <![CDATA[[INFO ] [2023-07-20 23:06:13,131] Login - Step 04: Click to Login button
<br>]]>
    </line>
    <line>
      <![CDATA[[INFO ] [2023-07-20 23:06:13,772] Login Step 05: Verify 'My Account' link is displayed
<br>]]>
    </line>
    <line>
      <![CDATA[[INFO ] [2023-07-20 23:06:14,692] My Account Step 01: Navigate to 'My Account' page
<br>]]>
    </line>
    <line>
      <![CDATA[[INFO ] [2023-07-20 23:06:15,258] My Account Step 02: Verify 'Customer Infor' page is displayed
<br>]]>
    </line>
    <line>
      <![CDATA[[INFO ] [2023-07-20 23:06:15,336] My Account Step 03: Verify 'First Name' value is correctly
<br>]]>
    </line>
    <line>
      <![CDATA[[INFO ] [2023-07-20 23:06:15,394] My Account Step 04: Verify 'Last Name' value is correctly
<br>]]>
    </line>
    <line>
      <![CDATA[[INFO ] [2023-07-20 23:06:15,470] My Account Step 05: Verify 'Email' value is correctly
<br>]]>
    </line>
    <line>
      <![CDATA[[INFO ] [2023-07-20 23:06:15,534] OS name = windows 11
<br>]]>
    </line>
    <line>
      <![CDATA[[INFO ] [2023-07-20 23:06:15,534] Driver instance name = chromedriver: chrome on windows (67cb103f80a7b29a4f2fd47c723b1213)
<br>]]>
    </line>
  </reporter-output>
  <suite started-at="2023-07-20T16:05:55Z" name="NopCommerce - User" finished-at="2023-07-20T16:06:15Z" duration-ms="20538">
    <groups>
    </groups>
    <test started-at="2023-07-20T16:05:55Z" name="Run on CHROME" finished-at="2023-07-20T16:06:15Z" duration-ms="20538">
      <class name="com.nopcommerce.user.Level_21_Multiple_Environment_Parameter">
        <test-method is-config="true" signature="initBeforeSuite()[pri:0, instance:com.nopcommerce.user.Level_21_Multiple_Environment_Parameter@14d8444b]" started-at="2023-07-20T16:05:55Z" name="initBeforeSuite" finished-at="2023-07-20T16:05:55Z" duration-ms="31" status="PASS">
          <reporter-output>
          </reporter-output>
        </test-method> <!-- initBeforeSuite -->
        <test-method is-config="true" signature="beforeClass(java.lang.String, java.lang.String)[pri:0, instance:com.nopcommerce.user.Level_21_Multiple_Environment_Parameter@14d8444b]" started-at="2023-07-20T16:05:55Z" name="beforeClass" finished-at="2023-07-20T16:05:58Z" duration-ms="3651" status="PASS">
          <params>
            <param index="0">
              <value>
                <![CDATA[chrome]]>
              </value>
            </param>
            <param index="1">
              <value>
                <![CDATA[https://demo.nopcommerce.com]]>
              </value>
            </param>
          </params>
          <reporter-output>
          </reporter-output>
        </test-method> <!-- beforeClass -->
        <test-method signature="User_01_Register()[pri:0, instance:com.nopcommerce.user.Level_21_Multiple_Environment_Parameter@14d8444b]" started-at="2023-07-20T16:05:58Z" name="User_01_Register" finished-at="2023-07-20T16:06:12Z" duration-ms="13096" status="FAIL">
          <exception class="java.lang.AssertionError">
            <message>
              <![CDATA[expected [Your registration completed...] but found [Your registration completed]]]>
            </message>
            <full-stacktrace>
              <![CDATA[java.lang.AssertionError: expected [Your registration completed...] but found [Your registration completed]
at org.testng.Assert.fail(Assert.java:96)
at org.testng.Assert.failNotEquals(Assert.java:776)
at org.testng.Assert.assertEqualsImpl(Assert.java:137)
at org.testng.Assert.assertEquals(Assert.java:118)
at org.testng.Assert.assertEquals(Assert.java:453)
at org.testng.Assert.assertEquals(Assert.java:463)
at com.nopcommerce.user.Level_21_Multiple_Environment_Parameter.User_01_Register(Level_21_Multiple_Environment_Parameter.java:76)
at java.base/jdk.internal.reflect.NativeMethodAccessorImpl.invoke0(Native Method)
at java.base/jdk.internal.reflect.NativeMethodAccessorImpl.invoke(NativeMethodAccessorImpl.java:62)
at java.base/jdk.internal.reflect.DelegatingMethodAccessorImpl.invoke(DelegatingMethodAccessorImpl.java:43)
at java.base/java.lang.reflect.Method.invoke(Method.java:566)
at org.testng.internal.MethodInvocationHelper.invokeMethod(MethodInvocationHelper.java:124)
at org.testng.internal.Invoker.invokeMethod(Invoker.java:583)
at org.testng.internal.Invoker.invokeTestMethod(Invoker.java:719)
at org.testng.internal.Invoker.invokeTestMethods(Invoker.java:989)
at org.testng.internal.TestMethodWorker.invokeTestMethods(TestMethodWorker.java:125)
at org.testng.internal.TestMethodWorker.run(TestMethodWorker.java:109)
at org.testng.TestRunner.privateRun(TestRunner.java:648)
at org.testng.TestRunner.run(TestRunner.java:505)
at org.testng.SuiteRunner.runTest(SuiteRunner.java:455)
at org.testng.SuiteRunner.runSequentially(SuiteRunner.java:450)
at org.testng.SuiteRunner.privateRun(SuiteRunner.java:415)
at org.testng.SuiteRunner.run(SuiteRunner.java:364)
at org.testng.SuiteRunnerWorker.runSuite(SuiteRunnerWorker.java:52)
at org.testng.SuiteRunnerWorker.run(SuiteRunnerWorker.java:84)
at org.testng.TestNG.runSuitesSequentially(TestNG.java:1208)
at org.testng.TestNG.runSuitesLocally(TestNG.java:1137)
at org.testng.TestNG.runSuites(TestNG.java:1049)
at org.testng.TestNG.run(TestNG.java:1017)
at org.apache.maven.surefire.testng.TestNGExecutor.run(TestNGExecutor.java:283)
at org.apache.maven.surefire.testng.TestNGXmlTestSuite.execute(TestNGXmlTestSuite.java:75)
at org.apache.maven.surefire.testng.TestNGProvider.invoke(TestNGProvider.java:120)
at org.apache.maven.surefire.booter.ForkedBooter.invokeProviderInSameClassLoader(ForkedBooter.java:384)
at org.apache.maven.surefire.booter.ForkedBooter.runSuitesInProcess(ForkedBooter.java:345)
at org.apache.maven.surefire.booter.ForkedBooter.execute(ForkedBooter.java:126)
at org.apache.maven.surefire.booter.ForkedBooter.main(ForkedBooter.java:418)
]]>
            </full-stacktrace>
          </exception> <!-- java.lang.AssertionError -->
          <reporter-output>
            <line>
              <![CDATA[[INFO ] [2023-07-20 23:05:58,978] Register Step 01: Navigate to 'Register' page
<br>]]>
            </line>
            <line>
              <![CDATA[[INFO ] [2023-07-20 23:06:00,234] Register Step 02: Enter to Firstname textbox with value is 'Drusilla'
<br>]]>
            </line>
            <line>
              <![CDATA[[INFO ] [2023-07-20 23:06:00,384] Register Step 03: Enter to Lastname textbox with value is 'Bernier'
<br>]]>
            </line>
            <line>
              <![CDATA[[INFO ] [2023-07-20 23:06:00,829] Register Step 04: Enter to Email textbox with value is 'towanda.maggio@gmail.com'
<br>]]>
            </line>
            <line>
              <![CDATA[[INFO ] [2023-07-20 23:06:01,030] Register Step 05: Enter to Password textbox with value is '*d^V9!PPiyP'
<br>]]>
            </line>
            <line>
              <![CDATA[[INFO ] [2023-07-20 23:06:01,152] Register - Step 06: Enter to Confirm Password textbox with value is '*d^V9!PPiyP'
<br>]]>
            </line>
            <line>
              <![CDATA[[INFO ] [2023-07-20 23:06:11,276] Register - Step 07: Click to 'Register' button
<br>]]>
            </line>
            <line>
              <![CDATA[[INFO ] [2023-07-20 23:06:11,967] Register - Step 08: Verify register success message is displayed
<br>]]>
            </line>
          </reporter-output>
        </test-method> <!-- User_01_Register -->
        <test-method signature="User_02_Login()[pri:0, instance:com.nopcommerce.user.Level_21_Multiple_Environment_Parameter@14d8444b]" started-at="2023-07-20T16:06:12Z" name="User_02_Login" finished-at="2023-07-20T16:06:13Z" duration-ms="1458" status="FAIL">
          <exception class="java.lang.AssertionError">
            <message>
              <![CDATA[expected [false] but found [true]]]>
            </message>
            <full-stacktrace>
              <![CDATA[java.lang.AssertionError: expected [false] but found [true]
at org.testng.Assert.fail(Assert.java:96)
at org.testng.Assert.failNotEquals(Assert.java:776)
at org.testng.Assert.assertFalse(Assert.java:65)
at org.testng.Assert.assertFalse(Assert.java:75)
at com.nopcommerce.user.Level_21_Multiple_Environment_Parameter.User_02_Login(Level_21_Multiple_Environment_Parameter.java:103)
at java.base/jdk.internal.reflect.NativeMethodAccessorImpl.invoke0(Native Method)
at java.base/jdk.internal.reflect.NativeMethodAccessorImpl.invoke(NativeMethodAccessorImpl.java:62)
at java.base/jdk.internal.reflect.DelegatingMethodAccessorImpl.invoke(DelegatingMethodAccessorImpl.java:43)
at java.base/java.lang.reflect.Method.invoke(Method.java:566)
at org.testng.internal.MethodInvocationHelper.invokeMethod(MethodInvocationHelper.java:124)
at org.testng.internal.Invoker.invokeMethod(Invoker.java:583)
at org.testng.internal.Invoker.invokeTestMethod(Invoker.java:719)
at org.testng.internal.Invoker.invokeTestMethods(Invoker.java:989)
at org.testng.internal.TestMethodWorker.invokeTestMethods(TestMethodWorker.java:125)
at org.testng.internal.TestMethodWorker.run(TestMethodWorker.java:109)
at org.testng.TestRunner.privateRun(TestRunner.java:648)
at org.testng.TestRunner.run(TestRunner.java:505)
at org.testng.SuiteRunner.runTest(SuiteRunner.java:455)
at org.testng.SuiteRunner.runSequentially(SuiteRunner.java:450)
at org.testng.SuiteRunner.privateRun(SuiteRunner.java:415)
at org.testng.SuiteRunner.run(SuiteRunner.java:364)
at org.testng.SuiteRunnerWorker.runSuite(SuiteRunnerWorker.java:52)
at org.testng.SuiteRunnerWorker.run(SuiteRunnerWorker.java:84)
at org.testng.TestNG.runSuitesSequentially(TestNG.java:1208)
at org.testng.TestNG.runSuitesLocally(TestNG.java:1137)
at org.testng.TestNG.runSuites(TestNG.java:1049)
at org.testng.TestNG.run(TestNG.java:1017)
at org.apache.maven.surefire.testng.TestNGExecutor.run(TestNGExecutor.java:283)
at org.apache.maven.surefire.testng.TestNGXmlTestSuite.execute(TestNGXmlTestSuite.java:75)
at org.apache.maven.surefire.testng.TestNGProvider.invoke(TestNGProvider.java:120)
at org.apache.maven.surefire.booter.ForkedBooter.invokeProviderInSameClassLoader(ForkedBooter.java:384)
at org.apache.maven.surefire.booter.ForkedBooter.runSuitesInProcess(ForkedBooter.java:345)
at org.apache.maven.surefire.booter.ForkedBooter.execute(ForkedBooter.java:126)
at org.apache.maven.surefire.booter.ForkedBooter.main(ForkedBooter.java:418)
]]>
            </full-stacktrace>
          </exception> <!-- java.lang.AssertionError -->
          <reporter-output>
            <line>
              <![CDATA[[INFO ] [2023-07-20 23:06:12,475] Login - Step 01: Navigate to Login page
<br>]]>
            </line>
            <line>
              <![CDATA[[INFO ] [2023-07-20 23:06:12,854] Login - Step 02: Enter to Email textbox with value is 'towanda.maggio@gmail.com'
<br>]]>
            </line>
            <line>
              <![CDATA[[INFO ] [2023-07-20 23:06:13,006] Login Step 03: Enter to Password textbox with value is '*d^V9!PPiyP'
<br>]]>
            </line>
            <line>
              <![CDATA[[INFO ] [2023-07-20 23:06:13,131] Login - Step 04: Click to Login button
<br>]]>
            </line>
            <line>
              <![CDATA[[INFO ] [2023-07-20 23:06:13,772] Login Step 05: Verify 'My Account' link is displayed
<br>]]>
            </line>
          </reporter-output>
        </test-method> <!-- User_02_Login -->
        <test-method signature="User_03_My_Account()[pri:0, instance:com.nopcommerce.user.Level_21_Multiple_Environment_Parameter@14d8444b]" started-at="2023-07-20T16:06:14Z" name="User_03_My_Account" finished-at="2023-07-20T16:06:15Z" duration-ms="841" status="PASS">
          <reporter-output>
            <line>
              <![CDATA[[INFO ] [2023-07-20 23:06:14,692] My Account Step 01: Navigate to 'My Account' page
<br>]]>
            </line>
            <line>
              <![CDATA[[INFO ] [2023-07-20 23:06:15,258] My Account Step 02: Verify 'Customer Infor' page is displayed
<br>]]>
            </line>
            <line>
              <![CDATA[[INFO ] [2023-07-20 23:06:15,336] My Account Step 03: Verify 'First Name' value is correctly
<br>]]>
            </line>
            <line>
              <![CDATA[[INFO ] [2023-07-20 23:06:15,394] My Account Step 04: Verify 'Last Name' value is correctly
<br>]]>
            </line>
            <line>
              <![CDATA[[INFO ] [2023-07-20 23:06:15,470] My Account Step 05: Verify 'Email' value is correctly
<br>]]>
            </line>
          </reporter-output>
        </test-method> <!-- User_03_My_Account -->
        <test-method is-config="true" signature="afterClass()[pri:0, instance:com.nopcommerce.user.Level_21_Multiple_Environment_Parameter@14d8444b]" started-at="2023-07-20T16:06:15Z" name="afterClass" finished-at="2023-07-20T16:06:15Z" duration-ms="270" status="PASS">
          <reporter-output>
            <line>
              <![CDATA[[INFO ] [2023-07-20 23:06:15,534] OS name = windows 11
<br>]]>
            </line>
            <line>
              <![CDATA[[INFO ] [2023-07-20 23:06:15,534] Driver instance name = chromedriver: chrome on windows (67cb103f80a7b29a4f2fd47c723b1213)
<br>]]>
            </line>
          </reporter-output>
        </test-method> <!-- afterClass -->
      </class> <!-- com.nopcommerce.user.Level_21_Multiple_Environment_Parameter -->
    </test> <!-- Run on CHROME -->
  </suite> <!-- NopCommerce - User -->
</testng-results>
